2025-02-23 21:49:44.193 [info] [main] Log level: Info
2025-02-23 21:49:44.193 [info] [main] Validating found git in: "git"
2025-02-23 21:49:44.193 [info] [main] Using git "2.47.1" from "git"
2025-02-23 21:49:44.193 [info] [Model][doInitialScan] Initial repository scan started
2025-02-23 21:49:44.193 [info] > git rev-parse --show-toplevel [20ms]
2025-02-23 21:49:44.193 [info] fatal: not a git repository (or any of the parent directories): .git
2025-02-23 21:49:44.193 [info] > git rev-parse --show-toplevel [47ms]
2025-02-23 21:49:44.193 [info] fatal: not a git repository (or any of the parent directories): .git
2025-02-23 21:49:44.303 [info] > git rev-parse --show-toplevel [111ms]
2025-02-23 21:49:44.303 [info] fatal: not a git repository (or any of the parent directories): .git
2025-02-23 21:49:44.343 [info] > git rev-parse --show-toplevel [32ms]
2025-02-23 21:49:44.343 [info] fatal: not a git repository (or any of the parent directories): .git
2025-02-23 21:49:44.435 [info] > git rev-parse --show-toplevel [83ms]
2025-02-23 21:49:44.435 [info] fatal: not a git repository (or any of the parent directories): .git
2025-02-23 21:49:44.455 [info] > git rev-parse --show-toplevel [10ms]
2025-02-23 21:49:44.455 [info] fatal: not a git repository (or any of the parent directories): .git
2025-02-23 21:49:44.475 [info] > git rev-parse --show-toplevel [12ms]
2025-02-23 21:49:44.475 [info] fatal: not a git repository (or any of the parent directories): .git
2025-02-23 21:49:44.487 [info] [Model][doInitialScan] Initial repository scan completed - repositories (0), closed repositories (0), parent repositories (0), unsafe repositories (0)
2025-02-23 21:49:44.509 [info] > git rev-parse --show-toplevel [12ms]
2025-02-23 21:49:44.509 [info] fatal: not a git repository (or any of the parent directories): .git
2025-02-23 21:49:46.878 [info] > git rev-parse --show-toplevel [6ms]
2025-02-23 21:49:46.878 [info] fatal: not a git repository (or any of the parent directories): .git
2025-02-23 21:51:27.012 [info] > git rev-parse --show-toplevel [25ms]
2025-02-23 21:51:27.012 [info] fatal: not a git repository (or any of the parent directories): .git
