2025-02-23 21:56:04.583 [info] [main] Log level: Info
2025-02-23 21:56:04.583 [info] [main] Validating found git in: "git"
2025-02-23 21:56:04.583 [info] [main] Using git "2.47.1" from "git"
2025-02-23 21:56:04.583 [info] [Model][doInitialScan] Initial repository scan started
2025-02-23 21:56:04.583 [info] > git rev-parse --show-toplevel [17ms]
2025-02-23 21:56:04.583 [info] fatal: not a git repository (or any of the parent directories): .git
2025-02-23 21:56:04.583 [info] > git rev-parse --show-toplevel [35ms]
2025-02-23 21:56:04.583 [info] fatal: not a git repository (or any of the parent directories): .git
2025-02-23 21:56:04.644 [info] > git rev-parse --show-toplevel [62ms]
2025-02-23 21:56:04.644 [info] fatal: not a git repository (or any of the parent directories): .git
2025-02-23 21:56:04.680 [info] > git rev-parse --show-toplevel [31ms]
2025-02-23 21:56:04.681 [info] fatal: not a git repository (or any of the parent directories): .git
2025-02-23 21:56:04.723 [info] > git rev-parse --show-toplevel [34ms]
2025-02-23 21:56:04.724 [info] fatal: not a git repository (or any of the parent directories): .git
2025-02-23 21:56:04.737 [info] > git rev-parse --show-toplevel [9ms]
2025-02-23 21:56:04.737 [info] fatal: not a git repository (or any of the parent directories): .git
2025-02-23 21:56:04.750 [info] > git rev-parse --show-toplevel [9ms]
2025-02-23 21:56:04.751 [info] fatal: not a git repository (or any of the parent directories): .git
2025-02-23 21:56:04.759 [info] [Model][doInitialScan] Initial repository scan completed - repositories (0), closed repositories (0), parent repositories (0), unsafe repositories (0)
2025-02-23 21:56:04.798 [info] > git rev-parse --show-toplevel [34ms]
2025-02-23 21:56:04.808 [info] fatal: not a git repository (or any of the parent directories): .git
2025-02-23 21:56:11.852 [info] > git rev-parse --show-toplevel [1214ms]
2025-02-23 21:56:11.853 [info] fatal: not a git repository (or any of the parent directories): .git
