0 verbose cli /usr/bin/node /usr/bin/npm
1 info using npm@10.8.2
2 info using node@v20.18.3
3 silly config load:file:/usr/lib/node_modules/npm/npmrc
4 silly config load:file:/root/.cache/typescript/5.7/.npmrc
5 silly config load:file:/root/.npmrc
6 silly config load:file:/usr/etc/npmrc
7 verbose title npm install types-registry@latest
8 verbose argv "install" "--ignore-scripts" "types-registry@latest"
9 verbose logfile logs-max:10 dir:/root/.npm/_logs/2025-02-23T21_15_04_724Z-
10 verbose logfile /root/.npm/_logs/2025-02-23T21_15_04_724Z-debug-0.log
11 silly packumentCache heap:417071104 maxSize:104267776 maxEntrySize:52133888
12 silly logfile done cleaning log files
13 silly packumentCache corgi:https://registry.npmjs.org/types-registry cache-miss
14 http fetch GET 200 https://registry.npmjs.org/types-registry 770ms (cache updated)
15 silly packumentCache corgi:https://registry.npmjs.org/types-registry set size:undefined disposed:false
16 silly idealTree buildDeps
17 silly fetch manifest types-registry@0.1.709
18 silly packumentCache full:https://registry.npmjs.org/types-registry cache-miss
19 http fetch GET 200 https://registry.npmjs.org/types-registry 129ms (cache updated)
20 silly packumentCache full:https://registry.npmjs.org/types-registry set size:undefined disposed:false
21 silly placeDep ROOT types-registry@0.1.709 REPLACE for:  want: 0.1.709
22 silly reify moves {}
23 silly audit bulk request {
23 silly audit   '@types/body-parser': [ '1.19.5' ],
23 silly audit   '@types/connect': [ '3.4.38' ],
23 silly audit   '@types/express': [ '5.0.0' ],
23 silly audit   '@types/express-serve-static-core': [ '5.0.6' ],
23 silly audit   '@types/http-errors': [ '2.0.4' ],
23 silly audit   '@types/merge-descriptors': [ '1.0.3' ],
23 silly audit   '@types/mime': [ '1.3.5' ],
23 silly audit   '@types/node': [ '22.13.5' ],
23 silly audit   '@types/qs': [ '6.9.18' ],
23 silly audit   '@types/range-parser': [ '1.2.7' ],
23 silly audit   '@types/send': [ '0.17.4' ],
23 silly audit   '@types/serve-static': [ '1.15.7' ],
23 silly audit   '@types/swagger-jsdoc': [ '6.0.4' ],
23 silly audit   '@types/swagger-ui-dist': [ '3.30.5' ],
23 silly audit   '@types/swagger-ui-express': [ '4.1.8' ],
23 silly audit   'undici-types': [ '6.20.0' ],
23 silly audit   'types-registry': [ '0.1.709' ]
23 silly audit }
24 http fetch POST 200 https://registry.npmjs.org/-/npm/v1/security/advisories/bulk 149ms
25 silly audit report {}
26 verbose cwd /root/.cache/typescript/5.7
27 verbose os Linux 5.14.0-325.el9.x86_64
28 verbose node v20.18.3
29 verbose npm  v10.8.2
30 verbose exit 0
31 info ok
