0 verbose cli /usr/bin/node /usr/bin/npm
1 info using npm@10.8.2
2 info using node@v20.18.3
3 silly config load:file:/usr/lib/node_modules/npm/npmrc
4 silly config load:file:/root/express_app/.npmrc
5 silly config load:file:/root/.npmrc
6 silly config load:file:/usr/etc/npmrc
7 verbose title npm install mariadb express
8 verbose argv "install" "mariadb" "express"
9 verbose logfile logs-max:10 dir:/root/.npm/_logs/2025-02-23T21_53_21_202Z-
10 verbose logfile /root/.npm/_logs/2025-02-23T21_53_21_202Z-debug-0.log
11 silly packumentCache heap:417071104 maxSize:104267776 maxEntrySize:52133888
12 silly logfile start cleaning logs, removing 1 files
13 silly logfile done cleaning log files
14 silly idealTree buildDeps
15 silly fetch manifest express@^4.21.2
16 silly packumentCache full:https://registry.npmjs.org/express cache-miss
17 http fetch GET 200 https://registry.npmjs.org/express 273ms (cache updated)
18 silly packumentCache full:https://registry.npmjs.org/express set size:undefined disposed:false
19 silly fetch manifest mariadb@^3.4.0
20 silly packumentCache full:https://registry.npmjs.org/mariadb cache-miss
21 http fetch GET 200 https://registry.npmjs.org/mariadb 69ms (cache updated)
22 silly packumentCache full:https://registry.npmjs.org/mariadb set size:undefined disposed:false
23 silly placeDep ROOT express@4.21.2 REPLACE for: express_app@1.0.0 want: ^4.21.2
24 silly placeDep ROOT mariadb@3.4.0 REPLACE for: express_app@1.0.0 want: ^3.4.0
25 silly reify moves {}
26 silly audit bulk request {
26 silly audit   '@types/geojson': [ '7946.0.16' ],
26 silly audit   '@types/node': [ '22.13.4' ],
26 silly audit   accepts: [ '1.3.8' ],
26 silly audit   'array-flatten': [ '1.1.1' ],
26 silly audit   'body-parser': [ '1.20.3' ],
26 silly audit   bytes: [ '3.1.2' ],
26 silly audit   'call-bind-apply-helpers': [ '1.0.2' ],
26 silly audit   'call-bound': [ '1.0.3' ],
26 silly audit   'content-disposition': [ '0.5.4' ],
26 silly audit   'content-type': [ '1.0.5' ],
26 silly audit   cookie: [ '0.7.1' ],
26 silly audit   'cookie-signature': [ '1.0.6' ],
26 silly audit   debug: [ '2.6.9' ],
26 silly audit   denque: [ '2.1.0' ],
26 silly audit   depd: [ '2.0.0' ],
26 silly audit   destroy: [ '1.2.0' ],
26 silly audit   'dunder-proto': [ '1.0.1' ],
26 silly audit   'ee-first': [ '1.1.1' ],
26 silly audit   encodeurl: [ '2.0.0', '1.0.2' ],
26 silly audit   'es-define-property': [ '1.0.1' ],
26 silly audit   'es-errors': [ '1.3.0' ],
26 silly audit   'es-object-atoms': [ '1.1.1' ],
26 silly audit   'escape-html': [ '1.0.3' ],
26 silly audit   etag: [ '1.8.1' ],
26 silly audit   finalhandler: [ '1.3.1' ],
26 silly audit   forwarded: [ '0.2.0' ],
26 silly audit   fresh: [ '0.5.2' ],
26 silly audit   'function-bind': [ '1.1.2' ],
26 silly audit   'get-intrinsic': [ '1.2.7' ],
26 silly audit   'get-proto': [ '1.0.1' ],
26 silly audit   gopd: [ '1.2.0' ],
26 silly audit   'has-symbols': [ '1.1.0' ],
26 silly audit   hasown: [ '2.0.2' ],
26 silly audit   'http-errors': [ '2.0.0' ],
26 silly audit   'iconv-lite': [ '0.4.24', '0.6.3' ],
26 silly audit   inherits: [ '2.0.4' ],
26 silly audit   'ipaddr.js': [ '1.9.1' ],
26 silly audit   'lru-cache': [ '10.4.3' ],
26 silly audit   'math-intrinsics': [ '1.1.0' ],
26 silly audit   'media-typer': [ '0.3.0' ],
26 silly audit   'merge-descriptors': [ '1.0.3' ],
26 silly audit   methods: [ '1.1.2' ],
26 silly audit   mime: [ '1.6.0' ],
26 silly audit   'mime-db': [ '1.52.0' ],
26 silly audit   'mime-types': [ '2.1.35' ],
26 silly audit   ms: [ '2.0.0', '2.1.3' ],
26 silly audit   negotiator: [ '0.6.3' ],
26 silly audit   'object-inspect': [ '1.13.4' ],
26 silly audit   'on-finished': [ '2.4.1' ],
26 silly audit   parseurl: [ '1.3.3' ],
26 silly audit   'path-to-regexp': [ '0.1.12' ],
26 silly audit   'proxy-addr': [ '2.0.7' ],
26 silly audit   qs: [ '6.13.0' ],
26 silly audit   'range-parser': [ '1.2.1' ],
26 silly audit   'raw-body': [ '2.5.2' ],
26 silly audit   'safe-buffer': [ '5.2.1' ],
26 silly audit   'safer-buffer': [ '2.1.2' ],
26 silly audit   send: [ '0.19.0' ],
26 silly audit   'serve-static': [ '1.16.2' ],
26 silly audit   setprototypeof: [ '1.2.0' ],
26 silly audit   'side-channel': [ '1.1.0' ],
26 silly audit   'side-channel-list': [ '1.0.0' ],
26 silly audit   'side-channel-map': [ '1.0.1' ],
26 silly audit   'side-channel-weakmap': [ '1.0.2' ],
26 silly audit   statuses: [ '2.0.1' ],
26 silly audit   toidentifier: [ '1.0.1' ],
26 silly audit   'type-is': [ '1.6.18' ],
26 silly audit   'undici-types': [ '6.20.0' ],
26 silly audit   unpipe: [ '1.0.0' ],
26 silly audit   'utils-merge': [ '1.0.1' ],
26 silly audit   vary: [ '1.1.2' ],
26 silly audit   express: [ '4.21.2' ],
26 silly audit   mariadb: [ '3.4.0' ]
26 silly audit }
27 http fetch POST 200 https://registry.npmjs.org/-/npm/v1/security/advisories/bulk 127ms
28 silly audit report {}
29 verbose cwd /root/express_app
30 verbose os Linux 5.14.0-325.el9.x86_64
31 verbose node v20.18.3
32 verbose npm  v10.8.2
33 verbose exit 0
34 info ok
