0 verbose cli /usr/bin/node /usr/bin/npm
1 info using npm@10.8.2
2 info using node@v20.18.3
3 silly config load:file:/usr/lib/node_modules/npm/npmrc
4 silly config load:file:/root/.cache/typescript/5.7/.npmrc
5 silly config load:file:/root/.npmrc
6 silly config load:file:/usr/etc/npmrc
7 verbose title npm install types-registry@latest
8 verbose argv "install" "--ignore-scripts" "types-registry@latest"
9 verbose logfile logs-max:10 dir:/root/.npm/_logs/2025-02-23T21_50_02_019Z-
10 verbose logfile /root/.npm/_logs/2025-02-23T21_50_02_019Z-debug-0.log
11 silly packumentCache heap:417071104 maxSize:104267776 maxEntrySize:52133888
12 silly logfile start cleaning logs, removing 1 files
13 silly logfile done cleaning log files
14 silly packumentCache corgi:https://registry.npmjs.org/types-registry cache-miss
15 http fetch GET 200 https://registry.npmjs.org/npm 399ms
16 http fetch GET 200 https://registry.npmjs.org/types-registry 442ms (cache updated)
17 silly packumentCache corgi:https://registry.npmjs.org/types-registry set size:undefined disposed:false
18 silly idealTree buildDeps
19 silly fetch manifest types-registry@0.1.709
20 silly packumentCache full:https://registry.npmjs.org/types-registry cache-miss
21 http fetch GET 200 https://registry.npmjs.org/types-registry 167ms (cache updated)
22 silly packumentCache full:https://registry.npmjs.org/types-registry set size:undefined disposed:false
23 silly placeDep ROOT types-registry@0.1.709 REPLACE for:  want: 0.1.709
24 silly reify moves {}
25 silly audit bulk request {
25 silly audit   '@types/body-parser': [ '1.19.5' ],
25 silly audit   '@types/connect': [ '3.4.38' ],
25 silly audit   '@types/express': [ '5.0.0' ],
25 silly audit   '@types/express-serve-static-core': [ '5.0.6' ],
25 silly audit   '@types/http-errors': [ '2.0.4' ],
25 silly audit   '@types/merge-descriptors': [ '1.0.3' ],
25 silly audit   '@types/mime': [ '1.3.5' ],
25 silly audit   '@types/node': [ '22.13.5' ],
25 silly audit   '@types/qs': [ '6.9.18' ],
25 silly audit   '@types/range-parser': [ '1.2.7' ],
25 silly audit   '@types/send': [ '0.17.4' ],
25 silly audit   '@types/serve-static': [ '1.15.7' ],
25 silly audit   '@types/swagger-jsdoc': [ '6.0.4' ],
25 silly audit   '@types/swagger-ui-dist': [ '3.30.5' ],
25 silly audit   '@types/swagger-ui-express': [ '4.1.8' ],
25 silly audit   'undici-types': [ '6.20.0' ],
25 silly audit   'types-registry': [ '0.1.709' ]
25 silly audit }
26 http fetch POST 200 https://registry.npmjs.org/-/npm/v1/security/advisories/bulk 162ms
27 silly audit report {}
28 verbose cwd /root/.cache/typescript/5.7
29 verbose os Linux 5.14.0-325.el9.x86_64
30 verbose node v20.18.3
31 verbose npm  v10.8.2
32 notice
32 notice New major version of npm available! 10.8.2 -> 11.1.0
32 notice Changelog: https://github.com/npm/cli/releases/tag/v11.1.0
32 notice To update run: npm install -g npm@11.1.0
32 notice  { force: true, [Symbol(proc-log.meta)]: true }
33 verbose exit 0
34 info ok
