0 verbose cli /usr/bin/node /usr/bin/npm
1 info using npm@10.8.2
2 info using node@v20.18.3
3 silly config load:file:/usr/lib/node_modules/npm/npmrc
4 silly config load:file:/root/express_app/.npmrc
5 silly config load:file:/root/.npmrc
6 silly config load:file:/usr/etc/npmrc
7 verbose title npm init
8 verbose argv "init" "--yes"
9 verbose logfile logs-max:10 dir:/root/.npm/_logs/2025-02-23T21_53_20_357Z-
10 verbose logfile /root/.npm/_logs/2025-02-23T21_53_20_357Z-debug-0.log
11 silly logfile start cleaning logs, removing 1 files
12 silly logfile done cleaning log files
13 silly package data {
13 silly package data   name: 'express_app',
13 silly package data   version: '1.0.0',
13 silly package data   main: 'index.js',
13 silly package data   scripts: { test: 'echo "Error: no test specified" && exit 1' },
13 silly package data   keywords: [],
13 silly package data   author: '',
13 silly package data   license: 'ISC',
13 silly package data   dependencies: { express: '^4.21.2', mariadb: '^3.4.0' },
13 silly package data   devDependencies: {},
13 silly package data   description: '',
13 silly package data   [Symbol(newline)]: '\n',
13 silly package data   [Symbol(indent)]: '  '
13 silly package data }
14 verbose cwd /root/express_app
15 verbose os Linux 5.14.0-325.el9.x86_64
16 verbose node v20.18.3
17 verbose npm  v10.8.2
18 verbose exit 0
19 info ok
