2025-02-23 20:42:15.466 [info] [main] Log level: Info
2025-02-23 20:42:15.467 [info] [main] Validating found git in: "git"
2025-02-23 20:42:15.467 [info] [main] Using git "2.47.1" from "git"
2025-02-23 20:42:15.467 [info] [Model][doInitialScan] Initial repository scan started
2025-02-23 20:42:15.467 [info] > git rev-parse --show-toplevel [12ms]
2025-02-23 20:42:15.467 [info] fatal: not a git repository (or any of the parent directories): .git
2025-02-23 20:42:15.596 [info] > git rev-parse --show-toplevel [130ms]
2025-02-23 20:42:15.597 [info] fatal: not a git repository (or any of the parent directories): .git
2025-02-23 20:42:15.626 [info] > git rev-parse --show-toplevel [25ms]
2025-02-23 20:42:15.627 [info] fatal: not a git repository (or any of the parent directories): .git
2025-02-23 20:42:15.679 [info] > git rev-parse --show-toplevel [49ms]
2025-02-23 20:42:15.680 [info] fatal: not a git repository (or any of the parent directories): .git
2025-02-23 20:42:15.693 [info] > git rev-parse --show-toplevel [9ms]
2025-02-23 20:42:15.694 [info] fatal: not a git repository (or any of the parent directories): .git
2025-02-23 20:42:15.706 [info] > git rev-parse --show-toplevel [9ms]
2025-02-23 20:42:15.707 [info] fatal: not a git repository (or any of the parent directories): .git
2025-02-23 20:42:15.711 [info] [Model][doInitialScan] Initial repository scan completed - repositories (0), closed repositories (0), parent repositories (0), unsafe repositories (0)
2025-02-23 20:42:15.995 [info] > git rev-parse --show-toplevel [7ms]
2025-02-23 20:42:15.996 [info] fatal: not a git repository (or any of the parent directories): .git
2025-02-23 20:42:28.618 [info] > git rev-parse --show-toplevel [1121ms]
2025-02-23 20:42:28.619 [info] fatal: not a git repository (or any of the parent directories): .git
2025-02-23 20:48:43.858 [info] > git rev-parse --show-toplevel [88ms]
2025-02-23 20:48:43.858 [info] fatal: not a git repository (or any of the parent directories): .git
2025-02-23 20:48:45.893 [info] > git rev-parse --show-toplevel [33ms]
2025-02-23 20:48:45.893 [info] fatal: not a git repository (or any of the parent directories): .git
2025-02-23 20:48:48.132 [info] > git rev-parse --show-toplevel [40ms]
2025-02-23 20:48:48.132 [info] fatal: not a git repository (or any of the parent directories): .git
2025-02-23 20:48:50.226 [info] > git rev-parse --show-toplevel [14ms]
2025-02-23 20:48:50.226 [info] fatal: not a git repository (or any of the parent directories): .git
2025-02-23 20:48:55.892 [info] > git rev-parse --show-toplevel [5ms]
2025-02-23 20:48:55.892 [info] fatal: not a git repository (or any of the parent directories): .git
2025-02-23 20:49:02.115 [info] > git rev-parse --show-toplevel [22ms]
2025-02-23 20:49:02.122 [info] fatal: not a git repository (or any of the parent directories): .git
2025-02-23 20:49:12.205 [info] > git rev-parse --show-toplevel [6ms]
2025-02-23 20:49:12.206 [info] fatal: not a git repository (or any of the parent directories): .git
2025-02-23 20:49:19.146 [info] > git rev-parse --show-toplevel [5ms]
2025-02-23 20:49:19.147 [info] fatal: not a git repository (or any of the parent directories): .git
2025-02-23 20:49:25.825 [info] > git rev-parse --show-toplevel [5ms]
2025-02-23 20:49:25.825 [info] fatal: not a git repository (or any of the parent directories): .git
2025-02-23 20:49:29.004 [info] > git rev-parse --show-toplevel [5ms]
2025-02-23 20:49:29.004 [info] fatal: not a git repository (or any of the parent directories): .git
2025-02-23 20:51:55.225 [info] > git rev-parse --show-toplevel [5ms]
2025-02-23 20:51:55.225 [info] fatal: not a git repository (or any of the parent directories): .git
2025-02-23 20:52:10.968 [info] > git rev-parse --show-toplevel [8ms]
2025-02-23 20:52:10.969 [info] fatal: not a git repository (or any of the parent directories): .git
2025-02-23 20:53:24.794 [info] > git rev-parse --show-toplevel [8ms]
2025-02-23 20:53:24.794 [info] fatal: not a git repository (or any of the parent directories): .git
2025-02-23 20:55:18.197 [info] > git rev-parse --show-toplevel [31ms]
2025-02-23 20:55:18.198 [info] fatal: not a git repository (or any of the parent directories): .git
