2025-02-23 23:49:14.292 [info] Extension host with pid 61807 started
2025-02-23 23:49:14.442 [info] ExtensionService#_doActivateExtension vscode.git-base, startup: false, activationEvent: '*', root cause: vscode.git
2025-02-23 23:49:14.447 [info] ExtensionService#_doActivateExtension vscode.emmet, startup: false, activationEvent: 'onLanguage'
2025-02-23 23:49:14.448 [info] ExtensionService#_doActivateExtension vscode.typescript-language-features, startup: false, activationEvent: 'onLanguage:javascript'
2025-02-23 23:49:15.143 [info] Lock '/root/.vscode-server/data/User/workspaceStorage/c6f98b1f59bb8f883851bd38953d500e/vscode.lock': Lock acquired.
2025-02-23 23:49:16.110 [info] ExtensionService#_doActivateExtension vscode.git, startup: false, activationEvent: '*'
2025-02-23 23:49:16.117 [info] ExtensionService#_doActivateExtension vscode.github, startup: false, activationEvent: '*'
2025-02-23 23:49:16.968 [info] ExtensionService#_doActivateExtension vscode.npm, startup: true, activationEvent: 'workspaceContains:package.json'
2025-02-23 23:49:23.048 [info] Eager extensions activated
2025-02-23 23:49:23.063 [info] ExtensionService#_doActivateExtension vscode.debug-auto-launch, startup: false, activationEvent: 'onStartupFinished'
2025-02-23 23:49:23.066 [info] ExtensionService#_doActivateExtension vscode.merge-conflict, startup: false, activationEvent: 'onStartupFinished'
2025-02-23 23:49:28.553 [info] ExtensionService#_doActivateExtension vscode.configuration-editing, startup: false, activationEvent: 'onLanguage:json'
2025-02-23 23:49:28.554 [info] ExtensionService#_doActivateExtension vscode.extension-editing, startup: false, activationEvent: 'onLanguage:json'
2025-02-23 23:49:28.555 [info] ExtensionService#_doActivateExtension vscode.json-language-features, startup: false, activationEvent: 'onLanguage:json'
2025-02-24 00:12:27.838 [warning] [Decorations] CAPPING events from decorations provider vscode.git 5889
2025-02-24 00:12:30.204 [warning] [Decorations] CAPPING events from decorations provider vscode.git 5889
2025-02-24 00:12:35.087 [warning] [Decorations] CAPPING events from decorations provider vscode.git 5889
2025-02-24 00:12:41.550 [warning] [Decorations] CAPPING events from decorations provider vscode.git 5889
2025-02-24 00:12:50.628 [warning] [Decorations] CAPPING events from decorations provider vscode.git 5889
2025-02-24 00:13:03.167 [warning] [Decorations] CAPPING events from decorations provider vscode.git 5889
2025-02-24 00:14:43.898 [warning] [Decorations] CAPPING events from decorations provider vscode.git 5889
2025-02-24 00:14:49.129 [warning] [Decorations] CAPPING events from decorations provider vscode.git 5889
2025-02-24 00:14:54.465 [warning] [Decorations] CAPPING events from decorations provider vscode.git 5889
2025-02-24 00:15:02.053 [warning] [Decorations] CAPPING events from decorations provider vscode.git 5889
2025-02-24 00:15:07.386 [warning] [Decorations] CAPPING events from decorations provider vscode.git 5889
2025-02-24 00:15:13.030 [warning] [Decorations] CAPPING events from decorations provider vscode.git 5889
2025-02-24 00:15:18.268 [warning] [Decorations] CAPPING events from decorations provider vscode.git 5889
2025-02-24 00:15:33.900 [warning] [Decorations] CAPPING events from decorations provider vscode.git 5889
2025-02-24 00:15:39.167 [warning] [Decorations] CAPPING events from decorations provider vscode.git 5889
2025-02-24 00:15:44.413 [warning] [Decorations] CAPPING events from decorations provider vscode.git 5889
2025-02-24 00:15:49.614 [warning] [Decorations] CAPPING events from decorations provider vscode.git 5889
2025-02-24 00:15:54.132 [warning] [Decorations] CAPPING events from decorations provider vscode.git 5889
2025-02-24 00:15:55.985 [warning] [Decorations] CAPPING events from decorations provider vscode.git 5889
2025-02-24 00:16:01.295 [warning] [Decorations] CAPPING events from decorations provider vscode.git 5889
2025-02-24 00:16:06.797 [warning] [Decorations] CAPPING events from decorations provider vscode.git 5889
2025-02-24 00:16:12.089 [warning] [Decorations] CAPPING events from decorations provider vscode.git 5889
2025-02-24 00:16:34.958 [warning] [Decorations] CAPPING events from decorations provider vscode.git 5889
2025-02-24 00:16:37.186 [warning] [Decorations] CAPPING events from decorations provider vscode.git 5890
2025-02-24 00:16:40.199 [warning] [Decorations] CAPPING events from decorations provider vscode.git 5890
2025-02-24 00:16:45.423 [warning] [Decorations] CAPPING events from decorations provider vscode.git 5890
2025-02-24 00:16:50.620 [warning] [Decorations] CAPPING events from decorations provider vscode.git 5890
