2025-02-23 21:14:55.674 [info] [main] Log level: Info
2025-02-23 21:14:55.675 [info] [main] Validating found git in: "git"
2025-02-23 21:14:55.675 [info] [main] Using git "2.47.1" from "git"
2025-02-23 21:14:55.675 [info] [Model][doInitialScan] Initial repository scan started
2025-02-23 21:14:55.676 [info] > git rev-parse --show-toplevel [3153ms]
2025-02-23 21:14:55.677 [info] fatal: not a git repository (or any of the parent directories): .git
2025-02-23 21:14:55.678 [info] > git rev-parse --show-toplevel [60ms]
2025-02-23 21:14:55.678 [info] fatal: not a git repository (or any of the parent directories): .git
2025-02-23 21:14:55.771 [info] > git rev-parse --show-toplevel [381ms]
2025-02-23 21:14:55.775 [info] fatal: not a git repository (or any of the parent directories): .git
2025-02-23 21:14:56.291 [info] > git rev-parse --show-toplevel [91ms]
2025-02-23 21:14:56.291 [info] fatal: not a git repository (or any of the parent directories): .git
2025-02-23 21:14:56.533 [info] > git rev-parse --show-toplevel [227ms]
2025-02-23 21:14:56.536 [info] fatal: not a git repository (or any of the parent directories): .git
2025-02-23 21:14:56.588 [info] > git rev-parse --show-toplevel [28ms]
2025-02-23 21:14:56.592 [info] fatal: not a git repository (or any of the parent directories): .git
2025-02-23 21:14:56.636 [info] > git rev-parse --show-toplevel [24ms]
2025-02-23 21:14:56.640 [info] fatal: not a git repository (or any of the parent directories): .git
2025-02-23 21:14:56.680 [info] [Model][doInitialScan] Initial repository scan completed - repositories (0), closed repositories (0), parent repositories (0), unsafe repositories (0)
2025-02-23 21:15:38.402 [info] > git rev-parse --show-toplevel [15ms]
2025-02-23 21:15:38.404 [info] fatal: not a git repository (or any of the parent directories): .git
2025-02-23 21:16:32.231 [info] > git rev-parse --show-toplevel [11ms]
2025-02-23 21:16:32.233 [info] fatal: not a git repository (or any of the parent directories): .git
2025-02-23 21:19:23.954 [info] > git rev-parse --show-toplevel [12ms]
2025-02-23 21:19:23.958 [info] fatal: not a git repository (or any of the parent directories): .git
2025-02-23 21:48:05.541 [info] > git rev-parse --show-toplevel [24ms]
2025-02-23 21:48:05.543 [info] fatal: not a git repository (or any of the parent directories): .git
