2025-02-23 23:49:23.409 [info] [main] Log level: Info
2025-02-23 23:49:23.409 [info] [main] Validating found git in: "git"
2025-02-23 23:49:23.409 [info] [main] Using git "2.47.1" from "git"
2025-02-23 23:49:23.409 [info] [Model][doInitialScan] Initial repository scan started
2025-02-23 23:49:23.409 [info] > git rev-parse --show-toplevel [1073ms]
2025-02-23 23:49:23.409 [info] fatal: not a git repository (or any of the parent directories): .git
2025-02-23 23:49:23.409 [info] > git rev-parse --show-toplevel [182ms]
2025-02-23 23:49:23.409 [info] fatal: not a git repository (or any of the parent directories): .git
2025-02-23 23:49:23.516 [info] > git rev-parse --show-toplevel [105ms]
2025-02-23 23:49:23.517 [info] fatal: not a git repository (or any of the parent directories): .git
2025-02-23 23:49:23.787 [info] > git rev-parse --show-toplevel [237ms]
2025-02-23 23:49:23.788 [info] fatal: not a git repository (or any of the parent directories): .git
2025-02-23 23:49:23.877 [info] > git rev-parse --show-toplevel [40ms]
2025-02-23 23:49:23.879 [info] fatal: not a git repository (or any of the parent directories): .git
2025-02-23 23:49:23.977 [info] > git rev-parse --show-toplevel [36ms]
2025-02-23 23:49:23.978 [info] fatal: not a git repository (or any of the parent directories): .git
2025-02-23 23:49:24.033 [info] > git rev-parse --show-toplevel [30ms]
2025-02-23 23:49:24.036 [info] fatal: not a git repository (or any of the parent directories): .git
2025-02-23 23:49:24.059 [info] [Model][doInitialScan] Initial repository scan completed - repositories (0), closed repositories (0), parent repositories (0), unsafe repositories (0)
2025-02-24 00:12:27.274 [info] > git rev-parse --show-toplevel [4ms]
2025-02-24 00:12:27.292 [info] > git rev-parse --git-dir --git-common-dir [5ms]
2025-02-24 00:12:27.330 [info] [Model][openRepository] Opened repository: /root
2025-02-24 00:12:27.355 [info] [Git][getRemotes] No remotes found in the git config file
2025-02-24 00:12:27.359 [info] > git config --get commit.template [17ms]
2025-02-24 00:12:27.362 [info] > git for-each-ref --format=%(refname)%00%(upstream:short)%00%(objectname)%00%(upstream:track)%00%(upstream:remotename)%00%(upstream:remoteref) refs/heads/master refs/remotes/master [10ms]
2025-02-24 00:12:27.371 [warning] [Git][getBranch] No such branch: master
2025-02-24 00:12:27.414 [info] > git for-each-ref --sort -committerdate --format %(refname) %(objectname) %(*objectname) [25ms]
2025-02-24 00:12:27.526 [info] > git status -z -uall [144ms]
2025-02-24 00:12:29.763 [info] > git for-each-ref --format=%(refname)%00%(upstream:short)%00%(objectname)%00%(upstream:track)%00%(upstream:remotename)%00%(upstream:remoteref) refs/heads/master refs/remotes/master [1869ms]
2025-02-24 00:12:29.767 [warning] [Git][getBranch] No such branch: master
2025-02-24 00:12:29.769 [error] [GitHistoryProvider][resolveHEADMergeBase] Failed to resolve merge base for master: Error: No such branch: master.
2025-02-24 00:12:29.848 [info] > git check-ignore -v -z --stdin [34ms]
2025-02-24 00:12:29.864 [info] > git config --get commit.template [179ms]
2025-02-24 00:12:29.927 [info] [Git][getRemotes] No remotes found in the git config file
2025-02-24 00:12:29.949 [info] > git for-each-ref --format=%(refname)%00%(upstream:short)%00%(objectname)%00%(upstream:track)%00%(upstream:remotename)%00%(upstream:remoteref) refs/heads/master refs/remotes/master [23ms]
2025-02-24 00:12:29.950 [warning] [Git][getBranch] No such branch: master
2025-02-24 00:12:29.983 [info] > git for-each-ref --sort -committerdate --format %(refname) %(objectname) %(*objectname) [17ms]
2025-02-24 00:12:30.071 [info] > git status -z -uall [117ms]
2025-02-24 00:12:34.749 [info] [Git][getRemotes] No remotes found in the git config file
2025-02-24 00:12:34.750 [info] > git config --get commit.template [14ms]
2025-02-24 00:12:34.761 [info] > git for-each-ref --format=%(refname)%00%(upstream:short)%00%(objectname)%00%(upstream:track)%00%(upstream:remotename)%00%(upstream:remoteref) refs/heads/master refs/remotes/master [13ms]
2025-02-24 00:12:34.761 [warning] [Git][getBranch] No such branch: master
2025-02-24 00:12:34.806 [info] > git for-each-ref --sort -committerdate --format %(refname) %(objectname) %(*objectname) [20ms]
2025-02-24 00:12:34.917 [info] > git status -z -uall [147ms]
2025-02-24 00:12:41.217 [info] [Git][getRemotes] No remotes found in the git config file
2025-02-24 00:12:41.219 [info] > git config --get commit.template [12ms]
2025-02-24 00:12:41.226 [info] > git for-each-ref --format=%(refname)%00%(upstream:short)%00%(objectname)%00%(upstream:track)%00%(upstream:remotename)%00%(upstream:remoteref) refs/heads/master refs/remotes/master [8ms]
2025-02-24 00:12:41.226 [warning] [Git][getBranch] No such branch: master
2025-02-24 00:12:41.258 [info] > git for-each-ref --sort -committerdate --format %(refname) %(objectname) %(*objectname) [11ms]
2025-02-24 00:12:41.397 [info] > git status -z -uall [158ms]
2025-02-24 00:12:50.381 [info] [Git][getRemotes] No remotes found in the git config file
2025-02-24 00:12:50.398 [info] > git config --get commit.template [17ms]
2025-02-24 00:12:50.401 [info] > git for-each-ref --format=%(refname)%00%(upstream:short)%00%(objectname)%00%(upstream:track)%00%(upstream:remotename)%00%(upstream:remoteref) refs/heads/master refs/remotes/master [14ms]
2025-02-24 00:12:50.402 [warning] [Git][getBranch] No such branch: master
2025-02-24 00:12:50.434 [info] > git for-each-ref --sort -committerdate --format %(refname) %(objectname) %(*objectname) [20ms]
2025-02-24 00:12:50.497 [info] > git status -z -uall [90ms]
2025-02-24 00:12:52.794 [info] > git show --textconv :app_correct.js [25ms]
2025-02-24 00:12:52.794 [info] > git show --textconv HEAD:app_correct.js [18ms]
2025-02-24 00:12:52.808 [info] > git ls-tree -l HEAD -- /root/app_correct.js [15ms]
2025-02-24 00:12:52.808 [info] fatal: Not a valid object name HEAD
2025-02-24 00:12:52.816 [info] > git ls-files --stage -- /root/app_correct.js [29ms]
2025-02-24 00:12:52.824 [info] > git hash-object -t tree /dev/null [10ms]
2025-02-24 00:12:52.825 [warning] [GitFileSystemProvider][stat] File not found - git:/root/app_correct.js.git?%7B%22path%22%3A%22%2Froot%2Fapp_correct.js%22%2C%22ref%22%3A%22HEAD%22%7D
2025-02-24 00:12:52.852 [info] > git hash-object -t tree /dev/null [48ms]
2025-02-24 00:12:52.852 [warning] [GitFileSystemProvider][readFile] File not found - git:/root/app_correct.js.git?%7B%22path%22%3A%22%2Froot%2Fapp_correct.js%22%2C%22ref%22%3A%22HEAD%22%7D
2025-02-24 00:12:52.854 [info] > git cat-file -s 764fd5ffe60f4cc38914116b86edf2a2e1f89895 [31ms]
2025-02-24 00:13:02.750 [info] [Git][getRemotes] No remotes found in the git config file
2025-02-24 00:13:02.752 [info] > git config --get commit.template [11ms]
2025-02-24 00:13:02.756 [info] > git for-each-ref --format=%(refname)%00%(upstream:short)%00%(objectname)%00%(upstream:track)%00%(upstream:remotename)%00%(upstream:remoteref) refs/heads/master refs/remotes/master [7ms]
2025-02-24 00:13:02.757 [warning] [Git][getBranch] No such branch: master
2025-02-24 00:13:02.842 [info] > git for-each-ref --sort -committerdate --format %(refname) %(objectname) %(*objectname) [61ms]
2025-02-24 00:13:02.860 [info] > git ls-files --stage -- /root/app_correct.js [18ms]
2025-02-24 00:13:02.879 [info] > git cat-file -s 764fd5ffe60f4cc38914116b86edf2a2e1f89895 [9ms]
2025-02-24 00:13:02.983 [info] > git status -z -uall [204ms]
2025-02-24 00:13:05.629 [info] > git show --textconv :app_correct.js [2657ms]
2025-02-24 00:14:43.686 [info] [Git][getRemotes] No remotes found in the git config file
2025-02-24 00:14:43.687 [info] > git config --get commit.template [8ms]
2025-02-24 00:14:43.692 [info] > git for-each-ref --format=%(refname)%00%(upstream:short)%00%(objectname)%00%(upstream:track)%00%(upstream:remotename)%00%(upstream:remoteref) refs/heads/master refs/remotes/master [7ms]
2025-02-24 00:14:43.692 [warning] [Git][getBranch] No such branch: master
2025-02-24 00:14:43.721 [info] > git for-each-ref --sort -committerdate --format %(refname) %(objectname) %(*objectname) [18ms]
2025-02-24 00:14:43.779 [info] > git status -z -uall [82ms]
2025-02-24 00:14:48.935 [info] [Git][getRemotes] No remotes found in the git config file
2025-02-24 00:14:48.938 [info] > git config --get commit.template [10ms]
2025-02-24 00:14:48.941 [info] > git for-each-ref --format=%(refname)%00%(upstream:short)%00%(objectname)%00%(upstream:track)%00%(upstream:remotename)%00%(upstream:remoteref) refs/heads/master refs/remotes/master [7ms]
2025-02-24 00:14:48.941 [warning] [Git][getBranch] No such branch: master
2025-02-24 00:14:48.977 [info] > git for-each-ref --sort -committerdate --format %(refname) %(objectname) %(*objectname) [24ms]
2025-02-24 00:14:49.023 [info] > git status -z -uall [78ms]
2025-02-24 00:14:54.159 [info] [Git][getRemotes] No remotes found in the git config file
2025-02-24 00:14:54.160 [info] > git config --get commit.template [8ms]
2025-02-24 00:14:54.164 [info] > git for-each-ref --format=%(refname)%00%(upstream:short)%00%(objectname)%00%(upstream:track)%00%(upstream:remotename)%00%(upstream:remoteref) refs/heads/master refs/remotes/master [5ms]
2025-02-24 00:14:54.164 [warning] [Git][getBranch] No such branch: master
2025-02-24 00:14:54.208 [info] > git for-each-ref --sort -committerdate --format %(refname) %(objectname) %(*objectname) [28ms]
2025-02-24 00:14:54.301 [info] > git status -z -uall [132ms]
2025-02-24 00:14:57.330 [info] > git ls-files --stage -- /root/app_correct.js [8ms]
2025-02-24 00:14:57.338 [info] > git cat-file -s 764fd5ffe60f4cc38914116b86edf2a2e1f89895 [3ms]
2025-02-24 00:14:57.417 [info] > git show --textconv :app_correct.js [7ms]
2025-02-24 00:15:01.411 [info] [Git][getRemotes] No remotes found in the git config file
2025-02-24 00:15:01.414 [info] > git config --get commit.template [68ms]
2025-02-24 00:15:01.454 [info] > git for-each-ref --format=%(refname)%00%(upstream:short)%00%(objectname)%00%(upstream:track)%00%(upstream:remotename)%00%(upstream:remoteref) refs/heads/master refs/remotes/master [59ms]
2025-02-24 00:15:01.454 [warning] [Git][getBranch] No such branch: master
2025-02-24 00:15:01.669 [info] > git for-each-ref --sort -committerdate --format %(refname) %(objectname) %(*objectname) [121ms]
2025-02-24 00:15:01.808 [info] > git status -z -uall [313ms]
2025-02-24 00:15:07.102 [info] [Git][getRemotes] No remotes found in the git config file
2025-02-24 00:15:07.109 [info] > git config --get commit.template [19ms]
2025-02-24 00:15:07.116 [info] > git for-each-ref --format=%(refname)%00%(upstream:short)%00%(objectname)%00%(upstream:track)%00%(upstream:remotename)%00%(upstream:remoteref) refs/heads/master refs/remotes/master [14ms]
2025-02-24 00:15:07.117 [warning] [Git][getBranch] No such branch: master
2025-02-24 00:15:07.182 [info] > git for-each-ref --sort -committerdate --format %(refname) %(objectname) %(*objectname) [37ms]
2025-02-24 00:15:07.246 [info] > git status -z -uall [123ms]
2025-02-24 00:15:12.813 [info] [Git][getRemotes] No remotes found in the git config file
2025-02-24 00:15:12.815 [info] > git config --get commit.template [11ms]
2025-02-24 00:15:12.819 [info] > git for-each-ref --format=%(refname)%00%(upstream:short)%00%(objectname)%00%(upstream:track)%00%(upstream:remotename)%00%(upstream:remoteref) refs/heads/master refs/remotes/master [6ms]
2025-02-24 00:15:12.819 [warning] [Git][getBranch] No such branch: master
2025-02-24 00:15:12.866 [info] > git for-each-ref --sort -committerdate --format %(refname) %(objectname) %(*objectname) [20ms]
2025-02-24 00:15:12.913 [info] > git status -z -uall [89ms]
2025-02-24 00:15:18.066 [info] [Git][getRemotes] No remotes found in the git config file
2025-02-24 00:15:18.067 [info] > git config --get commit.template [10ms]
2025-02-24 00:15:18.071 [info] > git for-each-ref --format=%(refname)%00%(upstream:short)%00%(objectname)%00%(upstream:track)%00%(upstream:remotename)%00%(upstream:remoteref) refs/heads/master refs/remotes/master [6ms]
2025-02-24 00:15:18.071 [warning] [Git][getBranch] No such branch: master
2025-02-24 00:15:18.110 [info] > git for-each-ref --sort -committerdate --format %(refname) %(objectname) %(*objectname) [26ms]
2025-02-24 00:15:18.165 [info] > git status -z -uall [89ms]
2025-02-24 00:15:33.700 [info] [Git][getRemotes] No remotes found in the git config file
2025-02-24 00:15:33.702 [info] > git config --get commit.template [8ms]
2025-02-24 00:15:33.705 [info] > git for-each-ref --format=%(refname)%00%(upstream:short)%00%(objectname)%00%(upstream:track)%00%(upstream:remotename)%00%(upstream:remoteref) refs/heads/master refs/remotes/master [5ms]
2025-02-24 00:15:33.705 [warning] [Git][getBranch] No such branch: master
2025-02-24 00:15:33.735 [info] > git for-each-ref --sort -committerdate --format %(refname) %(objectname) %(*objectname) [17ms]
2025-02-24 00:15:33.789 [info] > git status -z -uall [79ms]
2025-02-24 00:15:38.940 [info] [Git][getRemotes] No remotes found in the git config file
2025-02-24 00:15:38.941 [info] > git config --get commit.template [17ms]
2025-02-24 00:15:38.949 [info] > git for-each-ref --format=%(refname)%00%(upstream:short)%00%(objectname)%00%(upstream:track)%00%(upstream:remotename)%00%(upstream:remoteref) refs/heads/master refs/remotes/master [10ms]
2025-02-24 00:15:38.949 [warning] [Git][getBranch] No such branch: master
2025-02-24 00:15:38.989 [info] > git for-each-ref --sort -committerdate --format %(refname) %(objectname) %(*objectname) [18ms]
2025-02-24 00:15:39.061 [info] > git status -z -uall [102ms]
2025-02-24 00:15:44.199 [info] [Git][getRemotes] No remotes found in the git config file
2025-02-24 00:15:44.200 [info] > git config --get commit.template [10ms]
2025-02-24 00:15:44.204 [info] > git for-each-ref --format=%(refname)%00%(upstream:short)%00%(objectname)%00%(upstream:track)%00%(upstream:remotename)%00%(upstream:remoteref) refs/heads/master refs/remotes/master [5ms]
2025-02-24 00:15:44.205 [warning] [Git][getBranch] No such branch: master
2025-02-24 00:15:44.249 [info] > git for-each-ref --sort -committerdate --format %(refname) %(objectname) %(*objectname) [30ms]
2025-02-24 00:15:44.300 [info] > git status -z -uall [90ms]
2025-02-24 00:15:48.128 [info] > git ls-files --stage -- /root/app_correct.js [8ms]
2025-02-24 00:15:48.138 [info] > git cat-file -s 764fd5ffe60f4cc38914116b86edf2a2e1f89895 [4ms]
2025-02-24 00:15:48.213 [info] > git show --textconv :app_correct.js [8ms]
2025-02-24 00:15:49.444 [info] > git config --get commit.template [8ms]
2025-02-24 00:15:49.448 [info] > git for-each-ref --format=%(refname)%00%(upstream:short)%00%(objectname)%00%(upstream:track)%00%(upstream:remotename)%00%(upstream:remoteref) refs/heads/master refs/remotes/master [5ms]
2025-02-24 00:15:49.448 [warning] [Git][getBranch] No such branch: master
2025-02-24 00:15:49.486 [info] > git for-each-ref --sort -committerdate --format %(refname) %(objectname) %(*objectname) [23ms]
2025-02-24 00:15:49.531 [info] > git status -z -uall [77ms]
2025-02-24 00:15:53.949 [info] > git config --get commit.template [10ms]
2025-02-24 00:15:53.953 [info] > git for-each-ref --format=%(refname)%00%(upstream:short)%00%(objectname)%00%(upstream:track)%00%(upstream:remotename)%00%(upstream:remoteref) refs/heads/main refs/remotes/main [5ms]
2025-02-24 00:15:53.954 [warning] [Git][getBranch] No such branch: main
2025-02-24 00:15:53.989 [info] > git for-each-ref --sort -committerdate --format %(refname) %(objectname) %(*objectname) [19ms]
2025-02-24 00:15:54.036 [info] > git status -z -uall [78ms]
2025-02-24 00:15:54.158 [info] > git for-each-ref --format=%(refname)%00%(upstream:short)%00%(objectname)%00%(upstream:track)%00%(upstream:remotename)%00%(upstream:remoteref) refs/heads/main refs/remotes/main [7ms]
2025-02-24 00:15:54.159 [warning] [Git][getBranch] No such branch: main
2025-02-24 00:15:54.160 [error] [GitHistoryProvider][resolveHEADMergeBase] Failed to resolve merge base for main: Error: No such branch: main.
2025-02-24 00:15:55.615 [info] > git config --get commit.template [67ms]
2025-02-24 00:15:55.656 [info] > git for-each-ref --format=%(refname)%00%(upstream:short)%00%(objectname)%00%(upstream:track)%00%(upstream:remotename)%00%(upstream:remoteref) refs/heads/main refs/remotes/main [47ms]
2025-02-24 00:15:55.662 [warning] [Git][getBranch] No such branch: main
2025-02-24 00:15:55.755 [info] > git for-each-ref --sort -committerdate --format %(refname) %(objectname) %(*objectname) [45ms]
2025-02-24 00:15:55.885 [info] > git status -z -uall [190ms]
2025-02-24 00:15:57.825 [info] > git ls-files --stage -- /root/app_correct.js [1811ms]
2025-02-24 00:15:57.910 [info] > git cat-file -s 764fd5ffe60f4cc38914116b86edf2a2e1f89895 [50ms]
2025-02-24 00:15:58.170 [info] > git show --textconv :app_correct.js [11ms]
2025-02-24 00:16:01.029 [info] > git config --get commit.template [15ms]
2025-02-24 00:16:01.041 [info] > git for-each-ref --format=%(refname)%00%(upstream:short)%00%(objectname)%00%(upstream:track)%00%(upstream:remotename)%00%(upstream:remoteref) refs/heads/main refs/remotes/main [14ms]
2025-02-24 00:16:01.041 [warning] [Git][getBranch] No such branch: main
2025-02-24 00:16:01.092 [info] > git for-each-ref --sort -committerdate --format %(refname) %(objectname) %(*objectname) [32ms]
2025-02-24 00:16:01.162 [info] > git status -z -uall [113ms]
2025-02-24 00:16:06.361 [info] > git config --get commit.template [21ms]
2025-02-24 00:16:06.388 [info] > git for-each-ref --format=%(refname)%00%(upstream:short)%00%(objectname)%00%(upstream:track)%00%(upstream:remotename)%00%(upstream:remoteref) refs/heads/main refs/remotes/main [28ms]
2025-02-24 00:16:06.390 [warning] [Git][getBranch] No such branch: main
2025-02-24 00:16:06.491 [info] > git for-each-ref --sort -committerdate --format %(refname) %(objectname) %(*objectname) [50ms]
2025-02-24 00:16:06.676 [info] > git status -z -uall [254ms]
2025-02-24 00:16:11.833 [info] > git config --get commit.template [13ms]
2025-02-24 00:16:11.838 [info] > git for-each-ref --format=%(refname)%00%(upstream:short)%00%(objectname)%00%(upstream:track)%00%(upstream:remotename)%00%(upstream:remoteref) refs/heads/main refs/remotes/main [6ms]
2025-02-24 00:16:11.839 [warning] [Git][getBranch] No such branch: main
2025-02-24 00:16:11.909 [info] > git for-each-ref --sort -committerdate --format %(refname) %(objectname) %(*objectname) [48ms]
2025-02-24 00:16:11.969 [info] > git status -z -uall [124ms]
2025-02-24 00:16:34.733 [info] > git config --get commit.template [9ms]
2025-02-24 00:16:34.737 [info] > git for-each-ref --format=%(refname)%00%(upstream:short)%00%(objectname)%00%(upstream:track)%00%(upstream:remotename)%00%(upstream:remoteref) refs/heads/main refs/remotes/main [5ms]
2025-02-24 00:16:34.737 [warning] [Git][getBranch] No such branch: main
2025-02-24 00:16:34.757 [info] > git for-each-ref --sort -committerdate --format %(refname) %(objectname) %(*objectname) [5ms]
2025-02-24 00:16:34.832 [info] > git status -z -uall [90ms]
2025-02-24 00:16:36.995 [info] > git config --get commit.template [10ms]
2025-02-24 00:16:36.999 [info] > git for-each-ref --format=%(refname)%00%(upstream:short)%00%(objectname)%00%(upstream:track)%00%(upstream:remotename)%00%(upstream:remoteref) refs/heads/main refs/remotes/main [5ms]
2025-02-24 00:16:36.999 [warning] [Git][getBranch] No such branch: main
2025-02-24 00:16:37.031 [info] > git for-each-ref --sort -committerdate --format %(refname) %(objectname) %(*objectname) [19ms]
2025-02-24 00:16:37.087 [info] > git status -z -uall [83ms]
2025-02-24 00:16:39.371 [info] > git check-ignore -v -z --stdin [8ms]
2025-02-24 00:16:39.996 [info] > git config --get commit.template [10ms]
2025-02-24 00:16:40.000 [info] > git for-each-ref --format=%(refname)%00%(upstream:short)%00%(objectname)%00%(upstream:track)%00%(upstream:remotename)%00%(upstream:remoteref) refs/heads/main refs/remotes/main [5ms]
2025-02-24 00:16:40.000 [warning] [Git][getBranch] No such branch: main
2025-02-24 00:16:40.032 [info] > git for-each-ref --sort -committerdate --format %(refname) %(objectname) %(*objectname) [17ms]
2025-02-24 00:16:40.094 [info] > git status -z -uall [88ms]
2025-02-24 00:16:45.235 [info] > git config --get commit.template [9ms]
2025-02-24 00:16:45.239 [info] > git for-each-ref --format=%(refname)%00%(upstream:short)%00%(objectname)%00%(upstream:track)%00%(upstream:remotename)%00%(upstream:remoteref) refs/heads/main refs/remotes/main [6ms]
2025-02-24 00:16:45.239 [warning] [Git][getBranch] No such branch: main
2025-02-24 00:16:45.274 [info] > git for-each-ref --sort -committerdate --format %(refname) %(objectname) %(*objectname) [17ms]
2025-02-24 00:16:45.328 [info] > git status -z -uall [84ms]
2025-02-24 00:16:50.455 [info] > git config --get commit.template [8ms]
2025-02-24 00:16:50.458 [info] > git for-each-ref --format=%(refname)%00%(upstream:short)%00%(objectname)%00%(upstream:track)%00%(upstream:remotename)%00%(upstream:remoteref) refs/heads/main refs/remotes/main [4ms]
2025-02-24 00:16:50.458 [warning] [Git][getBranch] No such branch: main
2025-02-24 00:16:50.495 [info] > git for-each-ref --sort -committerdate --format %(refname) %(objectname) %(*objectname) [22ms]
2025-02-24 00:16:50.539 [info] > git status -z -uall [75ms]
